
> personal-journal-hub@0.1.0 dev
> next dev --hostname 127.0.0.1 --port 3005

   ▲ Next.js 15.4.2
   - Local:        http://127.0.0.1:3005
   - Network:      http://127.0.0.1:3005
   - Environments: .env.local

 ✓ Starting...
 ✓ Ready in 778ms
 ✓ Compiled / in 270ms (515 modules)
 GET / 200 in 409ms
 ✓ Compiled in 410ms (529 modules)
 GET / 200 in 120ms
 ✓ Compiled in 75ms (227 modules)
 GET / 200 in 10ms
 ✓ Compiled in 37ms (227 modules)
 GET / 200 in 6ms
 ✓ Compiled in 42ms (227 modules)
 GET / 200 in 8ms
 ✓ Compiled in 44ms (227 modules)
 GET / 200 in 10ms
 ✓ Compiled in 459ms (585 modules)
 GET / 200 in 79ms
 ⨯ ./src/app/page.tsx
Error:   [31mx[0m Expected corresponding JSX closing tag for <div>
    ,-[[36;1;4m/Users/m4_macbook/Documents/GitHub/ideaworklab-v3/src/app/page.tsx[0m:53:1]
 [2m50[0m |           </div>
 [2m51[0m |         </div>
 [2m52[0m |       </section>
 [2m53[0m |     </main>
    : [35;1m      ^^^^[0m
 [2m54[0m |   );
 [2m55[0m | }
    `----

Caused by:
    Syntax Error

Import trace for requested module:
./src/app/page.tsx
 ⨯ ./src/app/page.tsx
Error:   [31mx[0m Expected corresponding JSX closing tag for <div>
    ,-[[36;1;4m/Users/m4_macbook/Documents/GitHub/ideaworklab-v3/src/app/page.tsx[0m:53:1]
 [2m50[0m |           </div>
 [2m51[0m |         </div>
 [2m52[0m |       </section>
 [2m53[0m |     </main>
    : [35;1m      ^^^^[0m
 [2m54[0m |   );
 [2m55[0m | }
    `----

Caused by:
    Syntax Error

Import trace for requested module:
./src/app/page.tsx
 GET / 500 in 536ms
 GET / 500 in 5ms
 GET / 500 in 5ms
 GET / 500 in 6ms
 ○ Compiling /_error ...
 ✓ Compiled /_not-found in 151ms (932 modules)
 ⚠ Fast Refresh had to perform a full reload. Read more: https://nextjs.org/docs/messages/fast-refresh-reload
 GET /_next/static/webpack/8f4f684523c4f7bb.webpack.hot-update.json 404 in 319ms
 GET / 200 in 33ms
